Arguments: 
  /usr/local/bin/node /usr/local/Cellar/yarn/1.22.10/libexec/bin/yarn.js

PATH: 
  /Users/pzhong/.jenv/shims:/Users/pzhong/.jenv/bin:/Users/pzhong/.rbenv/shims:/usr/local/bin:/usr/bin:/bin:/usr/sbin:/sbin:/Users/pzhong/.jenv/shims:/Users/pzhong/.jenv/bin:/Users/pzhong/.rbenv/shims:/Users/pzhong/.krew/bin:/Users/pzhong/.krew/bin

Yarn version: 
  1.22.10

Node version: 
  14.17.1

Platform: 
  darwin x64

Trace: 
  Error: https://registry.yarnpkg.com/@babel%2fcore: ETIMEDOUT
      at Timeout._onTimeout (/usr/local/Cellar/yarn/1.22.10/libexec/lib/cli.js:141409:19)
      at listOnTimeout (internal/timers.js:557:17)
      at processTimers (internal/timers.js:500:7)

npm manifest: 
  {
    "name": "@exercism/typescript-leap",
    "version": "1.0.0",
    "description": "Exercism exercises in Typescript.",
    "private": true,
    "repository": {
      "type": "git",
      "url": "https://github.com/exercism/typescript"
    },
    "devDependencies": {
      "@babel/core": "^7.15.5",
      "@babel/plugin-proposal-class-properties": "^7.14.5",
      "@babel/plugin-proposal-object-rest-spread": "^7.14.7",
      "@babel/plugin-syntax-bigint": "^7.8.3",
      "@babel/preset-env": "^7.15.4",
      "@babel/preset-typescript": "^7.15.0",
      "@types/jest": "^26.0.24",
      "@types/node": "^14.17.14",
      "@exercism/eslint-config-typescript": "^0.3.0",
      "babel-jest": "^26.6.3",
      "core-js": "^3.17.2",
      "eslint": "^7.32.0",
      "eslint-plugin-import": "^2.24.2",
      "jest": "^26.6.3",
      "typescript": "^4.4.2"
    },
    "scripts": {
      "test": "yarn lint:types && jest --no-cache",
      "lint": "yarn lint:types && yarn lint:ci",
      "lint:types": "yarn tsc --noEmit -p .",
      "lint:ci": "eslint . --ext .tsx,.ts"
    }
  }

yarn manifest: 
  No manifest

Lockfile: 
  # THIS IS AN AUTOGENERATED FILE. DO NOT EDIT THIS FILE DIRECTLY.
  # yarn lockfile v1
